<?xml version="1.0" encoding="UTF-8"?>
<robot generator="Robot 2.8.5 (Jython 2.5.3 on java1.8.0_91)" generated="20160826 17:54:05.076">
<suite source="/home/nathan/Documents/school/CS_310/projects/tic-tac-toe/acceptance/TicTacToeTests.txt" name="TicTacToeTests" id="s1">
<test name="Win Diagonally as X" id="s1-t1">
<kw type="kw" name="TicTacToeKeywords.Start New Game">
<doc></doc>
<arguments>
</arguments>
<status endtime="20160826 17:54:05.307" starttime="20160826 17:54:05.305" status="PASS"></status>
</kw>
<kw type="kw" name="TicTacToeKeywords.Mark Location">
<doc></doc>
<arguments>
<arg>1</arg>
<arg>1</arg>
</arguments>
<status endtime="20160826 17:54:05.311" starttime="20160826 17:54:05.308" status="PASS"></status>
</kw>
<kw type="kw" name="Check Location">
<doc></doc>
<arguments>
<arg>1</arg>
<arg>1</arg>
<arg>X</arg>
</arguments>
<kw type="kw" name="${m} = TicTacToeKeywords.Get Mark">
<doc></doc>
<arguments>
<arg>${row}</arg>
<arg>${col}</arg>
</arguments>
<msg level="INFO" timestamp="20160826 17:54:05.320">${m} = X</msg>
<status endtime="20160826 17:54:05.319" starttime="20160826 17:54:05.317" status="PASS"></status>
</kw>
<kw type="kw" name="BuiltIn.Should Be Equal">
<doc>Fails if the given objects are unequal.</doc>
<arguments>
<arg>${m}</arg>
<arg>${mark}</arg>
</arguments>
<msg level="INFO" timestamp="20160826 17:54:05.324">Argument types are:
&lt;type 'unicode'&gt;
&lt;type 'unicode'&gt;</msg>
<status endtime="20160826 17:54:05.325" starttime="20160826 17:54:05.321" status="PASS"></status>
</kw>
<status endtime="20160826 17:54:05.326" starttime="20160826 17:54:05.312" status="PASS"></status>
</kw>
<kw type="kw" name="TicTacToeKeywords.Mark Location">
<doc></doc>
<arguments>
<arg>0</arg>
<arg>1</arg>
</arguments>
<status endtime="20160826 17:54:05.329" starttime="20160826 17:54:05.328" status="PASS"></status>
</kw>
<kw type="kw" name="Check Location">
<doc></doc>
<arguments>
<arg>0</arg>
<arg>1</arg>
<arg>O</arg>
</arguments>
<kw type="kw" name="${m} = TicTacToeKeywords.Get Mark">
<doc></doc>
<arguments>
<arg>${row}</arg>
<arg>${col}</arg>
</arguments>
<msg level="INFO" timestamp="20160826 17:54:05.337">${m} = O</msg>
<status endtime="20160826 17:54:05.337" starttime="20160826 17:54:05.334" status="PASS"></status>
</kw>
<kw type="kw" name="BuiltIn.Should Be Equal">
<doc>Fails if the given objects are unequal.</doc>
<arguments>
<arg>${m}</arg>
<arg>${mark}</arg>
</arguments>
<msg level="INFO" timestamp="20160826 17:54:05.340">Argument types are:
&lt;type 'unicode'&gt;
&lt;type 'unicode'&gt;</msg>
<status endtime="20160826 17:54:05.341" starttime="20160826 17:54:05.338" status="PASS"></status>
</kw>
<status endtime="20160826 17:54:05.342" starttime="20160826 17:54:05.330" status="PASS"></status>
</kw>
<kw type="kw" name="TicTacToeKeywords.Mark Location">
<doc></doc>
<arguments>
<arg>0</arg>
<arg>0</arg>
</arguments>
<status endtime="20160826 17:54:05.345" starttime="20160826 17:54:05.343" status="PASS"></status>
</kw>
<kw type="kw" name="Check Location">
<doc></doc>
<arguments>
<arg>0</arg>
<arg>0</arg>
<arg>X</arg>
</arguments>
<kw type="kw" name="${m} = TicTacToeKeywords.Get Mark">
<doc></doc>
<arguments>
<arg>${row}</arg>
<arg>${col}</arg>
</arguments>
<msg level="INFO" timestamp="20160826 17:54:05.353">${m} = X</msg>
<status endtime="20160826 17:54:05.352" starttime="20160826 17:54:05.349" status="PASS"></status>
</kw>
<kw type="kw" name="BuiltIn.Should Be Equal">
<doc>Fails if the given objects are unequal.</doc>
<arguments>
<arg>${m}</arg>
<arg>${mark}</arg>
</arguments>
<msg level="INFO" timestamp="20160826 17:54:05.510">Argument types are:
&lt;type 'unicode'&gt;
&lt;type 'unicode'&gt;</msg>
<status endtime="20160826 17:54:05.511" starttime="20160826 17:54:05.505" status="PASS"></status>
</kw>
<status endtime="20160826 17:54:05.512" starttime="20160826 17:54:05.346" status="PASS"></status>
</kw>
<kw type="kw" name="TicTacToeKeywords.Mark Location">
<doc></doc>
<arguments>
<arg>0</arg>
<arg>2</arg>
</arguments>
<status endtime="20160826 17:54:05.518" starttime="20160826 17:54:05.515" status="PASS"></status>
</kw>
<kw type="kw" name="Check Location">
<doc></doc>
<arguments>
<arg>0</arg>
<arg>2</arg>
<arg>O</arg>
</arguments>
<kw type="kw" name="${m} = TicTacToeKeywords.Get Mark">
<doc></doc>
<arguments>
<arg>${row}</arg>
<arg>${col}</arg>
</arguments>
<msg level="INFO" timestamp="20160826 17:54:05.528">${m} = O</msg>
<status endtime="20160826 17:54:05.528" starttime="20160826 17:54:05.525" status="PASS"></status>
</kw>
<kw type="kw" name="BuiltIn.Should Be Equal">
<doc>Fails if the given objects are unequal.</doc>
<arguments>
<arg>${m}</arg>
<arg>${mark}</arg>
</arguments>
<msg level="INFO" timestamp="20160826 17:54:05.533">Argument types are:
&lt;type 'unicode'&gt;
&lt;type 'unicode'&gt;</msg>
<status endtime="20160826 17:54:05.534" starttime="20160826 17:54:05.530" status="PASS"></status>
</kw>
<status endtime="20160826 17:54:05.536" starttime="20160826 17:54:05.519" status="PASS"></status>
</kw>
<kw type="kw" name="TicTacToeKeywords.Mark Location">
<doc></doc>
<arguments>
<arg>2</arg>
<arg>2</arg>
</arguments>
<status endtime="20160826 17:54:05.541" starttime="20160826 17:54:05.538" status="PASS"></status>
</kw>
<kw type="kw" name="Check Location">
<doc></doc>
<arguments>
<arg>2</arg>
<arg>2</arg>
<arg>X</arg>
</arguments>
<kw type="kw" name="${m} = TicTacToeKeywords.Get Mark">
<doc></doc>
<arguments>
<arg>${row}</arg>
<arg>${col}</arg>
</arguments>
<msg level="INFO" timestamp="20160826 17:54:05.551">${m} = X</msg>
<status endtime="20160826 17:54:05.551" starttime="20160826 17:54:05.548" status="PASS"></status>
</kw>
<kw type="kw" name="BuiltIn.Should Be Equal">
<doc>Fails if the given objects are unequal.</doc>
<arguments>
<arg>${m}</arg>
<arg>${mark}</arg>
</arguments>
<msg level="INFO" timestamp="20160826 17:54:05.556">Argument types are:
&lt;type 'unicode'&gt;
&lt;type 'unicode'&gt;</msg>
<status endtime="20160826 17:54:05.557" starttime="20160826 17:54:05.553" status="PASS"></status>
</kw>
<status endtime="20160826 17:54:05.558" starttime="20160826 17:54:05.542" status="PASS"></status>
</kw>
<kw type="kw" name="Winner Should Be">
<doc></doc>
<arguments>
<arg>X</arg>
</arguments>
<kw type="kw" name="${m} = TicTacToeKeywords.Get Winner">
<doc></doc>
<arguments>
</arguments>
<msg level="INFO" timestamp="20160826 17:54:05.565">${m} = X</msg>
<status endtime="20160826 17:54:05.565" starttime="20160826 17:54:05.563" status="PASS"></status>
</kw>
<kw type="kw" name="BuiltIn.Should Be Equal">
<doc>Fails if the given objects are unequal.</doc>
<arguments>
<arg>${m}</arg>
<arg>${mark}</arg>
</arguments>
<msg level="INFO" timestamp="20160826 17:54:05.570">Argument types are:
&lt;type 'unicode'&gt;
&lt;type 'unicode'&gt;</msg>
<status endtime="20160826 17:54:05.571" starttime="20160826 17:54:05.567" status="PASS"></status>
</kw>
<status endtime="20160826 17:54:05.572" starttime="20160826 17:54:05.559" status="PASS"></status>
</kw>
<doc></doc>
<tags>
</tags>
<status critical="yes" endtime="20160826 17:54:05.573" starttime="20160826 17:54:05.301" status="PASS"></status>
</test>
<test name="Win Horizontally as O" id="s1-t2">
<kw type="kw" name="TicTacToeKeywords.Start New Game">
<doc></doc>
<arguments>
</arguments>
<status endtime="20160826 17:54:05.584" starttime="20160826 17:54:05.581" status="PASS"></status>
</kw>
<kw type="kw" name="TicTacToeKeywords.Mark Location">
<doc></doc>
<arguments>
<arg>1</arg>
<arg>1</arg>
</arguments>
<status endtime="20160826 17:54:05.588" starttime="20160826 17:54:05.586" status="PASS"></status>
</kw>
<kw type="kw" name="Check Location">
<doc></doc>
<arguments>
<arg>1</arg>
<arg>1</arg>
<arg>X</arg>
</arguments>
<kw type="kw" name="${m} = TicTacToeKeywords.Get Mark">
<doc></doc>
<arguments>
<arg>${row}</arg>
<arg>${col}</arg>
</arguments>
<msg level="INFO" timestamp="20160826 17:54:05.598">${m} = X</msg>
<status endtime="20160826 17:54:05.598" starttime="20160826 17:54:05.594" status="PASS"></status>
</kw>
<kw type="kw" name="BuiltIn.Should Be Equal">
<doc>Fails if the given objects are unequal.</doc>
<arguments>
<arg>${m}</arg>
<arg>${mark}</arg>
</arguments>
<msg level="INFO" timestamp="20160826 17:54:05.602">Argument types are:
&lt;type 'unicode'&gt;
&lt;type 'unicode'&gt;</msg>
<status endtime="20160826 17:54:05.604" starttime="20160826 17:54:05.600" status="PASS"></status>
</kw>
<status endtime="20160826 17:54:05.606" starttime="20160826 17:54:05.589" status="PASS"></status>
</kw>
<kw type="kw" name="TicTacToeKeywords.Mark Location">
<doc></doc>
<arguments>
<arg>2</arg>
<arg>0</arg>
</arguments>
<status endtime="20160826 17:54:05.609" starttime="20160826 17:54:05.607" status="PASS"></status>
</kw>
<kw type="kw" name="Check Location">
<doc></doc>
<arguments>
<arg>2</arg>
<arg>0</arg>
<arg>O</arg>
</arguments>
<kw type="kw" name="${m} = TicTacToeKeywords.Get Mark">
<doc></doc>
<arguments>
<arg>${row}</arg>
<arg>${col}</arg>
</arguments>
<msg level="INFO" timestamp="20160826 17:54:05.618">${m} = O</msg>
<status endtime="20160826 17:54:05.617" starttime="20160826 17:54:05.614" status="PASS"></status>
</kw>
<kw type="kw" name="BuiltIn.Should Be Equal">
<doc>Fails if the given objects are unequal.</doc>
<arguments>
<arg>${m}</arg>
<arg>${mark}</arg>
</arguments>
<msg level="INFO" timestamp="20160826 17:54:05.622">Argument types are:
&lt;type 'unicode'&gt;
&lt;type 'unicode'&gt;</msg>
<status endtime="20160826 17:54:05.622" starttime="20160826 17:54:05.619" status="PASS"></status>
</kw>
<status endtime="20160826 17:54:05.623" starttime="20160826 17:54:05.610" status="PASS"></status>
</kw>
<kw type="kw" name="TicTacToeKeywords.Mark Location">
<doc></doc>
<arguments>
<arg>0</arg>
<arg>0</arg>
</arguments>
<status endtime="20160826 17:54:05.627" starttime="20160826 17:54:05.625" status="PASS"></status>
</kw>
<kw type="kw" name="Check Location">
<doc></doc>
<arguments>
<arg>0</arg>
<arg>0</arg>
<arg>X</arg>
</arguments>
<kw type="kw" name="${m} = TicTacToeKeywords.Get Mark">
<doc></doc>
<arguments>
<arg>${row}</arg>
<arg>${col}</arg>
</arguments>
<msg level="INFO" timestamp="20160826 17:54:05.636">${m} = X</msg>
<status endtime="20160826 17:54:05.635" starttime="20160826 17:54:05.632" status="PASS"></status>
</kw>
<kw type="kw" name="BuiltIn.Should Be Equal">
<doc>Fails if the given objects are unequal.</doc>
<arguments>
<arg>${m}</arg>
<arg>${mark}</arg>
</arguments>
<msg level="INFO" timestamp="20160826 17:54:05.639">Argument types are:
&lt;type 'unicode'&gt;
&lt;type 'unicode'&gt;</msg>
<status endtime="20160826 17:54:05.640" starttime="20160826 17:54:05.637" status="PASS"></status>
</kw>
<status endtime="20160826 17:54:05.641" starttime="20160826 17:54:05.627" status="PASS"></status>
</kw>
<kw type="kw" name="TicTacToeKeywords.Mark Location">
<doc></doc>
<arguments>
<arg>2</arg>
<arg>2</arg>
</arguments>
<status endtime="20160826 17:54:05.644" starttime="20160826 17:54:05.642" status="PASS"></status>
</kw>
<kw type="kw" name="Check Location">
<doc></doc>
<arguments>
<arg>2</arg>
<arg>2</arg>
<arg>O</arg>
</arguments>
<kw type="kw" name="${m} = TicTacToeKeywords.Get Mark">
<doc></doc>
<arguments>
<arg>${row}</arg>
<arg>${col}</arg>
</arguments>
<msg level="INFO" timestamp="20160826 17:54:05.653">${m} = O</msg>
<status endtime="20160826 17:54:05.652" starttime="20160826 17:54:05.649" status="PASS"></status>
</kw>
<kw type="kw" name="BuiltIn.Should Be Equal">
<doc>Fails if the given objects are unequal.</doc>
<arguments>
<arg>${m}</arg>
<arg>${mark}</arg>
</arguments>
<msg level="INFO" timestamp="20160826 17:54:05.657">Argument types are:
&lt;type 'unicode'&gt;
&lt;type 'unicode'&gt;</msg>
<status endtime="20160826 17:54:05.658" starttime="20160826 17:54:05.655" status="PASS"></status>
</kw>
<status endtime="20160826 17:54:05.659" starttime="20160826 17:54:05.645" status="PASS"></status>
</kw>
<kw type="kw" name="TicTacToeKeywords.Mark Location">
<doc></doc>
<arguments>
<arg>0</arg>
<arg>2</arg>
</arguments>
<status endtime="20160826 17:54:05.662" starttime="20160826 17:54:05.660" status="PASS"></status>
</kw>
<kw type="kw" name="Check Location">
<doc></doc>
<arguments>
<arg>0</arg>
<arg>2</arg>
<arg>X</arg>
</arguments>
<kw type="kw" name="${m} = TicTacToeKeywords.Get Mark">
<doc></doc>
<arguments>
<arg>${row}</arg>
<arg>${col}</arg>
</arguments>
<msg level="INFO" timestamp="20160826 17:54:05.670">${m} = X</msg>
<status endtime="20160826 17:54:05.669" starttime="20160826 17:54:05.667" status="PASS"></status>
</kw>
<kw type="kw" name="BuiltIn.Should Be Equal">
<doc>Fails if the given objects are unequal.</doc>
<arguments>
<arg>${m}</arg>
<arg>${mark}</arg>
</arguments>
<msg level="INFO" timestamp="20160826 17:54:05.673">Argument types are:
&lt;type 'unicode'&gt;
&lt;type 'unicode'&gt;</msg>
<status endtime="20160826 17:54:05.674" starttime="20160826 17:54:05.671" status="PASS"></status>
</kw>
<status endtime="20160826 17:54:05.675" starttime="20160826 17:54:05.663" status="PASS"></status>
</kw>
<kw type="kw" name="TicTacToeKeywords.Mark Location">
<doc></doc>
<arguments>
<arg>2</arg>
<arg>1</arg>
</arguments>
<status endtime="20160826 17:54:05.677" starttime="20160826 17:54:05.676" status="PASS"></status>
</kw>
<kw type="kw" name="Check Location">
<doc></doc>
<arguments>
<arg>2</arg>
<arg>1</arg>
<arg>O</arg>
</arguments>
<kw type="kw" name="${m} = TicTacToeKeywords.Get Mark">
<doc></doc>
<arguments>
<arg>${row}</arg>
<arg>${col}</arg>
</arguments>
<msg level="INFO" timestamp="20160826 17:54:05.684">${m} = O</msg>
<status endtime="20160826 17:54:05.684" starttime="20160826 17:54:05.681" status="PASS"></status>
</kw>
<kw type="kw" name="BuiltIn.Should Be Equal">
<doc>Fails if the given objects are unequal.</doc>
<arguments>
<arg>${m}</arg>
<arg>${mark}</arg>
</arguments>
<msg level="INFO" timestamp="20160826 17:54:05.687">Argument types are:
&lt;type 'unicode'&gt;
&lt;type 'unicode'&gt;</msg>
<status endtime="20160826 17:54:05.688" starttime="20160826 17:54:05.685" status="PASS"></status>
</kw>
<status endtime="20160826 17:54:05.689" starttime="20160826 17:54:05.678" status="PASS"></status>
</kw>
<kw type="kw" name="Winner Should Be">
<doc></doc>
<arguments>
<arg>O</arg>
</arguments>
<kw type="kw" name="${m} = TicTacToeKeywords.Get Winner">
<doc></doc>
<arguments>
</arguments>
<msg level="INFO" timestamp="20160826 17:54:05.695">${m} = O</msg>
<status endtime="20160826 17:54:05.694" starttime="20160826 17:54:05.693" status="PASS"></status>
</kw>
<kw type="kw" name="BuiltIn.Should Be Equal">
<doc>Fails if the given objects are unequal.</doc>
<arguments>
<arg>${m}</arg>
<arg>${mark}</arg>
</arguments>
<msg level="INFO" timestamp="20160826 17:54:05.698">Argument types are:
&lt;type 'unicode'&gt;
&lt;type 'unicode'&gt;</msg>
<status endtime="20160826 17:54:05.699" starttime="20160826 17:54:05.696" status="PASS"></status>
</kw>
<status endtime="20160826 17:54:05.700" starttime="20160826 17:54:05.690" status="PASS"></status>
</kw>
<doc></doc>
<tags>
</tags>
<status critical="yes" endtime="20160826 17:54:05.701" starttime="20160826 17:54:05.576" status="PASS"></status>
</test>
<test name="Force a Tie" id="s1-t3">
<kw type="kw" name="TicTacToeKeywords.Start New Game">
<doc></doc>
<arguments>
</arguments>
<status endtime="20160826 17:54:05.709" starttime="20160826 17:54:05.707" status="PASS"></status>
</kw>
<kw type="kw" name="TicTacToeKeywords.Mark Location">
<doc></doc>
<arguments>
<arg>1</arg>
<arg>1</arg>
</arguments>
<status endtime="20160826 17:54:05.711" starttime="20160826 17:54:05.710" status="PASS"></status>
</kw>
<kw type="kw" name="Check Location">
<doc></doc>
<arguments>
<arg>1</arg>
<arg>1</arg>
<arg>X</arg>
</arguments>
<kw type="kw" name="${m} = TicTacToeKeywords.Get Mark">
<doc></doc>
<arguments>
<arg>${row}</arg>
<arg>${col}</arg>
</arguments>
<msg level="INFO" timestamp="20160826 17:54:05.717">${m} = X</msg>
<status endtime="20160826 17:54:05.716" starttime="20160826 17:54:05.715" status="PASS"></status>
</kw>
<kw type="kw" name="BuiltIn.Should Be Equal">
<doc>Fails if the given objects are unequal.</doc>
<arguments>
<arg>${m}</arg>
<arg>${mark}</arg>
</arguments>
<msg level="INFO" timestamp="20160826 17:54:05.719">Argument types are:
&lt;type 'unicode'&gt;
&lt;type 'unicode'&gt;</msg>
<status endtime="20160826 17:54:05.719" starttime="20160826 17:54:05.717" status="PASS"></status>
</kw>
<status endtime="20160826 17:54:05.720" starttime="20160826 17:54:05.712" status="PASS"></status>
</kw>
<kw type="kw" name="TicTacToeKeywords.Mark Location">
<doc></doc>
<arguments>
<arg>0</arg>
<arg>0</arg>
</arguments>
<status endtime="20160826 17:54:05.722" starttime="20160826 17:54:05.721" status="PASS"></status>
</kw>
<kw type="kw" name="Check Location">
<doc></doc>
<arguments>
<arg>0</arg>
<arg>0</arg>
<arg>O</arg>
</arguments>
<kw type="kw" name="${m} = TicTacToeKeywords.Get Mark">
<doc></doc>
<arguments>
<arg>${row}</arg>
<arg>${col}</arg>
</arguments>
<msg level="INFO" timestamp="20160826 17:54:05.727">${m} = O</msg>
<status endtime="20160826 17:54:05.727" starttime="20160826 17:54:05.725" status="PASS"></status>
</kw>
<kw type="kw" name="BuiltIn.Should Be Equal">
<doc>Fails if the given objects are unequal.</doc>
<arguments>
<arg>${m}</arg>
<arg>${mark}</arg>
</arguments>
<msg level="INFO" timestamp="20160826 17:54:05.730">Argument types are:
&lt;type 'unicode'&gt;
&lt;type 'unicode'&gt;</msg>
<status endtime="20160826 17:54:05.730" starttime="20160826 17:54:05.728" status="PASS"></status>
</kw>
<status endtime="20160826 17:54:05.731" starttime="20160826 17:54:05.723" status="PASS"></status>
</kw>
<kw type="kw" name="TicTacToeKeywords.Mark Location">
<doc></doc>
<arguments>
<arg>2</arg>
<arg>0</arg>
</arguments>
<status endtime="20160826 17:54:05.733" starttime="20160826 17:54:05.731" status="PASS"></status>
</kw>
<kw type="kw" name="Check Location">
<doc></doc>
<arguments>
<arg>2</arg>
<arg>0</arg>
<arg>X</arg>
</arguments>
<kw type="kw" name="${m} = TicTacToeKeywords.Get Mark">
<doc></doc>
<arguments>
<arg>${row}</arg>
<arg>${col}</arg>
</arguments>
<msg level="INFO" timestamp="20160826 17:54:05.737">${m} = X</msg>
<status endtime="20160826 17:54:05.737" starttime="20160826 17:54:05.736" status="PASS"></status>
</kw>
<kw type="kw" name="BuiltIn.Should Be Equal">
<doc>Fails if the given objects are unequal.</doc>
<arguments>
<arg>${m}</arg>
<arg>${mark}</arg>
</arguments>
<msg level="INFO" timestamp="20160826 17:54:05.740">Argument types are:
&lt;type 'unicode'&gt;
&lt;type 'unicode'&gt;</msg>
<status endtime="20160826 17:54:05.741" starttime="20160826 17:54:05.738" status="PASS"></status>
</kw>
<status endtime="20160826 17:54:05.741" starttime="20160826 17:54:05.733" status="PASS"></status>
</kw>
<kw type="kw" name="TicTacToeKeywords.Mark Location">
<doc></doc>
<arguments>
<arg>0</arg>
<arg>2</arg>
</arguments>
<status endtime="20160826 17:54:05.743" starttime="20160826 17:54:05.742" status="PASS"></status>
</kw>
<kw type="kw" name="Check Location">
<doc></doc>
<arguments>
<arg>0</arg>
<arg>2</arg>
<arg>O</arg>
</arguments>
<kw type="kw" name="${m} = TicTacToeKeywords.Get Mark">
<doc></doc>
<arguments>
<arg>${row}</arg>
<arg>${col}</arg>
</arguments>
<msg level="INFO" timestamp="20160826 17:54:05.748">${m} = O</msg>
<status endtime="20160826 17:54:05.747" starttime="20160826 17:54:05.746" status="PASS"></status>
</kw>
<kw type="kw" name="BuiltIn.Should Be Equal">
<doc>Fails if the given objects are unequal.</doc>
<arguments>
<arg>${m}</arg>
<arg>${mark}</arg>
</arguments>
<msg level="INFO" timestamp="20160826 17:54:05.752">Argument types are:
&lt;type 'unicode'&gt;
&lt;type 'unicode'&gt;</msg>
<status endtime="20160826 17:54:05.753" starttime="20160826 17:54:05.749" status="PASS"></status>
</kw>
<status endtime="20160826 17:54:05.754" starttime="20160826 17:54:05.744" status="PASS"></status>
</kw>
<kw type="kw" name="TicTacToeKeywords.Mark Location">
<doc></doc>
<arguments>
<arg>0</arg>
<arg>1</arg>
</arguments>
<status endtime="20160826 17:54:05.758" starttime="20160826 17:54:05.756" status="PASS"></status>
</kw>
<kw type="kw" name="Check Location">
<doc></doc>
<arguments>
<arg>0</arg>
<arg>1</arg>
<arg>X</arg>
</arguments>
<kw type="kw" name="${m} = TicTacToeKeywords.Get Mark">
<doc></doc>
<arguments>
<arg>${row}</arg>
<arg>${col}</arg>
</arguments>
<msg level="INFO" timestamp="20160826 17:54:05.766">${m} = X</msg>
<status endtime="20160826 17:54:05.766" starttime="20160826 17:54:05.762" status="PASS"></status>
</kw>
<kw type="kw" name="BuiltIn.Should Be Equal">
<doc>Fails if the given objects are unequal.</doc>
<arguments>
<arg>${m}</arg>
<arg>${mark}</arg>
</arguments>
<msg level="INFO" timestamp="20160826 17:54:05.769">Argument types are:
&lt;type 'unicode'&gt;
&lt;type 'unicode'&gt;</msg>
<status endtime="20160826 17:54:05.770" starttime="20160826 17:54:05.767" status="PASS"></status>
</kw>
<status endtime="20160826 17:54:05.771" starttime="20160826 17:54:05.759" status="PASS"></status>
</kw>
<kw type="kw" name="TicTacToeKeywords.Mark Location">
<doc></doc>
<arguments>
<arg>2</arg>
<arg>1</arg>
</arguments>
<status endtime="20160826 17:54:05.774" starttime="20160826 17:54:05.772" status="PASS"></status>
</kw>
<kw type="kw" name="Check Location">
<doc></doc>
<arguments>
<arg>2</arg>
<arg>1</arg>
<arg>O</arg>
</arguments>
<kw type="kw" name="${m} = TicTacToeKeywords.Get Mark">
<doc></doc>
<arguments>
<arg>${row}</arg>
<arg>${col}</arg>
</arguments>
<msg level="INFO" timestamp="20160826 17:54:05.781">${m} = O</msg>
<status endtime="20160826 17:54:05.781" starttime="20160826 17:54:05.778" status="PASS"></status>
</kw>
<kw type="kw" name="BuiltIn.Should Be Equal">
<doc>Fails if the given objects are unequal.</doc>
<arguments>
<arg>${m}</arg>
<arg>${mark}</arg>
</arguments>
<msg level="INFO" timestamp="20160826 17:54:05.784">Argument types are:
&lt;type 'unicode'&gt;
&lt;type 'unicode'&gt;</msg>
<status endtime="20160826 17:54:05.785" starttime="20160826 17:54:05.782" status="PASS"></status>
</kw>
<status endtime="20160826 17:54:05.786" starttime="20160826 17:54:05.775" status="PASS"></status>
</kw>
<kw type="kw" name="TicTacToeKeywords.Mark Location">
<doc></doc>
<arguments>
<arg>1</arg>
<arg>2</arg>
</arguments>
<status endtime="20160826 17:54:05.789" starttime="20160826 17:54:05.787" status="PASS"></status>
</kw>
<kw type="kw" name="Check Location">
<doc></doc>
<arguments>
<arg>1</arg>
<arg>2</arg>
<arg>X</arg>
</arguments>
<kw type="kw" name="${m} = TicTacToeKeywords.Get Mark">
<doc></doc>
<arguments>
<arg>${row}</arg>
<arg>${col}</arg>
</arguments>
<msg level="INFO" timestamp="20160826 17:54:05.795">${m} = X</msg>
<status endtime="20160826 17:54:05.795" starttime="20160826 17:54:05.792" status="PASS"></status>
</kw>
<kw type="kw" name="BuiltIn.Should Be Equal">
<doc>Fails if the given objects are unequal.</doc>
<arguments>
<arg>${m}</arg>
<arg>${mark}</arg>
</arguments>
<msg level="INFO" timestamp="20160826 17:54:05.798">Argument types are:
&lt;type 'unicode'&gt;
&lt;type 'unicode'&gt;</msg>
<status endtime="20160826 17:54:05.798" starttime="20160826 17:54:05.796" status="PASS"></status>
</kw>
<status endtime="20160826 17:54:05.799" starttime="20160826 17:54:05.790" status="PASS"></status>
</kw>
<kw type="kw" name="TicTacToeKeywords.Mark Location">
<doc></doc>
<arguments>
<arg>1</arg>
<arg>0</arg>
</arguments>
<status endtime="20160826 17:54:05.802" starttime="20160826 17:54:05.800" status="PASS"></status>
</kw>
<kw type="kw" name="Check Location">
<doc></doc>
<arguments>
<arg>1</arg>
<arg>0</arg>
<arg>O</arg>
</arguments>
<kw type="kw" name="${m} = TicTacToeKeywords.Get Mark">
<doc></doc>
<arguments>
<arg>${row}</arg>
<arg>${col}</arg>
</arguments>
<msg level="INFO" timestamp="20160826 17:54:05.806">${m} = O</msg>
<status endtime="20160826 17:54:05.806" starttime="20160826 17:54:05.804" status="PASS"></status>
</kw>
<kw type="kw" name="BuiltIn.Should Be Equal">
<doc>Fails if the given objects are unequal.</doc>
<arguments>
<arg>${m}</arg>
<arg>${mark}</arg>
</arguments>
<msg level="INFO" timestamp="20160826 17:54:05.808">Argument types are:
&lt;type 'unicode'&gt;
&lt;type 'unicode'&gt;</msg>
<status endtime="20160826 17:54:05.808" starttime="20160826 17:54:05.807" status="PASS"></status>
</kw>
<status endtime="20160826 17:54:05.809" starttime="20160826 17:54:05.802" status="PASS"></status>
</kw>
<kw type="kw" name="TicTacToeKeywords.Mark Location">
<doc></doc>
<arguments>
<arg>2</arg>
<arg>2</arg>
</arguments>
<status endtime="20160826 17:54:05.811" starttime="20160826 17:54:05.810" status="PASS"></status>
</kw>
<kw type="kw" name="Check Location">
<doc></doc>
<arguments>
<arg>2</arg>
<arg>2</arg>
<arg>X</arg>
</arguments>
<kw type="kw" name="${m} = TicTacToeKeywords.Get Mark">
<doc></doc>
<arguments>
<arg>${row}</arg>
<arg>${col}</arg>
</arguments>
<msg level="INFO" timestamp="20160826 17:54:05.816">${m} = X</msg>
<status endtime="20160826 17:54:05.815" starttime="20160826 17:54:05.813" status="PASS"></status>
</kw>
<kw type="kw" name="BuiltIn.Should Be Equal">
<doc>Fails if the given objects are unequal.</doc>
<arguments>
<arg>${m}</arg>
<arg>${mark}</arg>
</arguments>
<msg level="INFO" timestamp="20160826 17:54:05.818">Argument types are:
&lt;type 'unicode'&gt;
&lt;type 'unicode'&gt;</msg>
<status endtime="20160826 17:54:05.818" starttime="20160826 17:54:05.816" status="PASS"></status>
</kw>
<status endtime="20160826 17:54:05.819" starttime="20160826 17:54:05.811" status="PASS"></status>
</kw>
<kw type="kw" name="Winner Should Be">
<doc></doc>
<arguments>
<arg>TIE</arg>
</arguments>
<kw type="kw" name="${m} = TicTacToeKeywords.Get Winner">
<doc></doc>
<arguments>
</arguments>
<msg level="INFO" timestamp="20160826 17:54:05.822">${m} = TIE</msg>
<status endtime="20160826 17:54:05.822" starttime="20160826 17:54:05.821" status="PASS"></status>
</kw>
<kw type="kw" name="BuiltIn.Should Be Equal">
<doc>Fails if the given objects are unequal.</doc>
<arguments>
<arg>${m}</arg>
<arg>${mark}</arg>
</arguments>
<msg level="INFO" timestamp="20160826 17:54:05.825">Argument types are:
&lt;type 'unicode'&gt;
&lt;type 'unicode'&gt;</msg>
<status endtime="20160826 17:54:05.825" starttime="20160826 17:54:05.823" status="PASS"></status>
</kw>
<status endtime="20160826 17:54:05.826" starttime="20160826 17:54:05.820" status="PASS"></status>
</kw>
<doc></doc>
<tags>
</tags>
<status critical="yes" endtime="20160826 17:54:05.826" starttime="20160826 17:54:05.703" status="PASS"></status>
</test>
<doc></doc>
<metadata>
</metadata>
<status endtime="20160826 17:54:05.828" starttime="20160826 17:54:05.080" status="PASS"></status>
</suite>
<statistics>
<total>
<stat pass="3" fail="0">Critical Tests</stat>
<stat pass="3" fail="0">All Tests</stat>
</total>
<tag>
</tag>
<suite>
<stat pass="3" fail="0" name="TicTacToeTests" id="s1">TicTacToeTests</stat>
</suite>
</statistics>
<errors>
</errors>
</robot>
